<?xml version="1.0" encoding="UTF-8"?>
<!-- Generated by org.testng.reporters.JUnitReportReporter -->
<testsuite hostname="asd1545po01976" name="Test.NewTest" tests="1" failures="0" timestamp="9 Jul 2018 08:05:03 GMT" time="4.266" errors="0">
  <testcase name="move_mouse" time="4.266" classname="Test.NewTest"/>
</testsuite> <!-- Test.NewTest -->
